foo1
1|1|0.000002
10|10|0.000001
100|100|0.000000
1000|1000|0.000003
10000|10000|0.000034
100000|100000|0.000343
1000000|1000000|0.003166
10000000|10000000|0.020935
100000000|100000000|0.235958
1000000000|1000000000|2.098471
foo2
1|1|0.000001
10|100|0.000002
100|10000|0.000019
1000|1000000|0.004193
10000|100000000|0.198898
100000|10000000000|19.615971
foo3
1|1|0.000000
10|1000|0.000002
100|1000000|0.002069
1000|1000000000|2.089592
foo4
1|0|0.000001
10|45|0.000000
100|4950|0.000010
1000|499500|0.000928
10000|49995000|0.092293
100000|4999950000|9.647779
foo5
1|0|0.000000
10|7524|0.000017
100|975002490|1.890048
foo6
1|0|0.000000
10|870|0.000004
100|12087075|0.026625
